[22-Jan-2026 06:18:22 UTC] PHP Fatal error:  Maximum execution time of 30 seconds exceeded in C:\Users\doorf\OneDrive\ドキュメント\プロジェクト\TateguDesignStudio\backend\IntegrationController.php on line 53
Stack trace:
#0 C:\Users\doorf\OneDrive\ドキュメント\プロジェクト\TateguDesignStudio\backend\IntegrationController.php(53): PDOStatement->execute()
#1 C:\Users\doorf\OneDrive\ドキュメント\プロジェクト\TateguDesignStudio\backend\IntegrationController.php(62): IntegrationController->authenticate()
#2 C:\Users\doorf\OneDrive\ドキュメント\プロジェクト\TateguDesignStudio\backend\IntegrationController.php(15): IntegrationController->createInboxItem()
#3 C:\Users\doorf\OneDrive\ドキュメント\プロジェクト\TateguDesignStudio\backend\index.php(163): IntegrationController->handleRequest()
#4 {main}
[22-Jan-2026 06:19:31 UTC] PHP Fatal error:  Maximum execution time of 30 seconds exceeded in C:\Users\doorf\OneDrive\ドキュメント\プロジェクト\TateguDesignStudio\backend\ProjectController.php on line 82
Stack trace:
#0 C:\Users\doorf\OneDrive\ドキュメント\プロジェクト\TateguDesignStudio\backend\ProjectController.php(82): PDOStatement->execute()
#1 C:\Users\doorf\OneDrive\ドキュメント\プロジェクト\TateguDesignStudio\backend\ProjectController.php(17): ProjectController->create()
#2 C:\Users\doorf\OneDrive\ドキュメント\プロジェクト\TateguDesignStudio\backend\index.php(172): ProjectController->handleRequest()
#3 {main}
[24-Jan-2026 07:40:20 UTC] Registering: Email=log_test_2026@example.com, Name=Log Test User, Type=user
[24-Jan-2026 07:40:44 UTC] Registering: Email=log_test_2026@example.com, Name=Log Test User, Type=user
[24-Jan-2026 07:41:02 UTC] Registering: Email=log_test_2026@example.com, Name=Log Test User, Type=user
[24-Jan-2026 07:42:39 UTC] Registering: Email=log_test_2026@example.com, Name=Log Test User, Type=user
[24-Jan-2026 07:42:59 UTC] Registering: Email=, Name=, Type=user
[24-Jan-2026 07:44:10 UTC] Registering: Email=unique_test_999@example.com, Name=Unique User, Type=user
[24-Jan-2026 11:07:52 UTC] Routing Path: /health
[24-Jan-2026 11:07:52 UTC] Routing Path: /health
[24-Jan-2026 11:07:52 UTC] Routing Path: /health
[24-Jan-2026 11:07:52 UTC] Routing Path: /health
[24-Jan-2026 11:07:52 UTC] Routing Path: /health
[24-Jan-2026 11:07:53 UTC] Routing Path: /health
[24-Jan-2026 11:07:53 UTC] Routing Path: /health
[24-Jan-2026 11:07:53 UTC] Routing Path: /health
[24-Jan-2026 11:07:53 UTC] Routing Path: /health
[24-Jan-2026 11:08:22 UTC] Routing Path: /health
[24-Jan-2026 11:08:22 UTC] Routing Path: /health
[24-Jan-2026 11:08:22 UTC] Routing Path: /health
[24-Jan-2026 11:08:22 UTC] Routing Path: /health
[24-Jan-2026 11:08:22 UTC] Routing Path: /health
[24-Jan-2026 11:08:23 UTC] Routing Path: /health
[24-Jan-2026 11:08:23 UTC] Routing Path: /health
[24-Jan-2026 11:08:23 UTC] Routing Path: /health
[24-Jan-2026 11:08:23 UTC] Routing Path: /health
[24-Jan-2026 11:08:52 UTC] Routing Path: /health
[24-Jan-2026 11:08:52 UTC] Routing Path: /health
[24-Jan-2026 11:08:52 UTC] Routing Path: /health
[24-Jan-2026 11:08:52 UTC] Routing Path: /health
[24-Jan-2026 11:08:52 UTC] Routing Path: /health
[24-Jan-2026 11:08:53 UTC] Routing Path: /health
[24-Jan-2026 11:08:53 UTC] Routing Path: /health
[24-Jan-2026 11:08:53 UTC] Routing Path: /health
[24-Jan-2026 11:08:53 UTC] Routing Path: /health
[24-Jan-2026 11:09:22 UTC] Routing Path: /health
[24-Jan-2026 11:09:22 UTC] Routing Path: /health
[24-Jan-2026 11:09:22 UTC] Routing Path: /health
[24-Jan-2026 11:09:22 UTC] Routing Path: /health
[24-Jan-2026 11:09:22 UTC] Routing Path: /health
[24-Jan-2026 11:09:23 UTC] Routing Path: /health
[24-Jan-2026 11:09:23 UTC] Routing Path: /health
[24-Jan-2026 11:09:23 UTC] Routing Path: /health
[24-Jan-2026 11:09:23 UTC] Routing Path: /health
[24-Jan-2026 11:09:52 UTC] Routing Path: /health
[24-Jan-2026 11:09:52 UTC] Routing Path: /health
[24-Jan-2026 11:09:52 UTC] Routing Path: /health
[24-Jan-2026 11:09:52 UTC] Routing Path: /health
[24-Jan-2026 11:09:52 UTC] Routing Path: /health
[24-Jan-2026 11:09:53 UTC] Routing Path: /health
[24-Jan-2026 11:09:53 UTC] Routing Path: /health
[24-Jan-2026 11:09:53 UTC] Routing Path: /health
[24-Jan-2026 11:09:53 UTC] Routing Path: /health
[24-Jan-2026 11:10:22 UTC] Routing Path: /health
[24-Jan-2026 11:10:22 UTC] Routing Path: /health
[24-Jan-2026 11:10:22 UTC] Routing Path: /health
[24-Jan-2026 11:10:22 UTC] Routing Path: /health
[24-Jan-2026 11:10:22 UTC] Routing Path: /health
[24-Jan-2026 11:10:23 UTC] Routing Path: /health
[24-Jan-2026 11:10:23 UTC] Routing Path: /health
[24-Jan-2026 11:10:23 UTC] Routing Path: /health
[24-Jan-2026 11:10:23 UTC] Routing Path: /health
[24-Jan-2026 11:10:52 UTC] Routing Path: /health
[24-Jan-2026 11:10:52 UTC] Routing Path: /health
[24-Jan-2026 11:10:52 UTC] Routing Path: /health
[24-Jan-2026 11:10:52 UTC] Routing Path: /health
[24-Jan-2026 11:10:52 UTC] Routing Path: /health
[24-Jan-2026 11:10:53 UTC] Routing Path: /health
[24-Jan-2026 11:10:53 UTC] Routing Path: /health
[24-Jan-2026 11:10:53 UTC] Routing Path: /health
[24-Jan-2026 11:10:53 UTC] Routing Path: /health
[24-Jan-2026 11:11:22 UTC] Routing Path: /health
[24-Jan-2026 11:11:22 UTC] Routing Path: /health
[24-Jan-2026 11:11:22 UTC] Routing Path: /health
[24-Jan-2026 11:11:22 UTC] Routing Path: /health
[24-Jan-2026 11:11:22 UTC] Routing Path: /health
[24-Jan-2026 11:11:23 UTC] Routing Path: /health
[24-Jan-2026 11:11:23 UTC] Routing Path: /health
[24-Jan-2026 11:11:23 UTC] Routing Path: /health
[24-Jan-2026 11:11:23 UTC] Routing Path: /health
[24-Jan-2026 11:11:47 UTC] Routing Path: /auth/login
[24-Jan-2026 11:11:49 UTC] Routing Path: /auth/login
[24-Jan-2026 11:11:52 UTC] Routing Path: /health
[24-Jan-2026 11:11:52 UTC] Routing Path: /health
[24-Jan-2026 11:11:52 UTC] Routing Path: /auth/login
[24-Jan-2026 11:11:53 UTC] Routing Path: /health
[24-Jan-2026 11:11:53 UTC] Routing Path: /health
[24-Jan-2026 11:11:53 UTC] Routing Path: /health
[24-Jan-2026 11:11:53 UTC] Routing Path: /auth/me
[24-Jan-2026 11:11:53 UTC] Routing Path: /health
[24-Jan-2026 11:11:53 UTC] Routing Path: /auth/me
[24-Jan-2026 11:11:53 UTC] Routing Path: /health
[24-Jan-2026 11:11:53 UTC] Routing Path: /health
[24-Jan-2026 11:11:53 UTC] Routing Path: /health
[24-Jan-2026 11:11:53 UTC] Routing Path: /gdb
[24-Jan-2026 11:11:53 UTC] Routing Path: /today
[24-Jan-2026 11:11:53 UTC] Routing Path: /memos
[24-Jan-2026 11:11:53 UTC] Routing Path: /health
[24-Jan-2026 11:11:54 UTC] Routing Path: /gdb
[24-Jan-2026 11:11:54 UTC] Routing Path: /today
[24-Jan-2026 11:11:54 UTC] Routing Path: /health
[24-Jan-2026 11:11:54 UTC] Routing Path: /memos
[24-Jan-2026 11:11:54 UTC] Routing Path: /memos
[24-Jan-2026 11:11:54 UTC] Routing Path: /memos
[24-Jan-2026 11:12:11 UTC] Routing Path: /tenant/members
[24-Jan-2026 11:12:11 UTC] Matched Tenant Route: /tenant/members
[24-Jan-2026 11:12:11 UTC] Routing Path: /tenant/members
[24-Jan-2026 11:12:11 UTC] Matched Tenant Route: /tenant/members
[24-Jan-2026 11:12:22 UTC] Routing Path: /health
[24-Jan-2026 11:12:22 UTC] Routing Path: /health
[24-Jan-2026 11:12:22 UTC] Routing Path: /health
[24-Jan-2026 11:12:22 UTC] Routing Path: /health
[24-Jan-2026 11:12:22 UTC] Routing Path: /health
[24-Jan-2026 11:12:23 UTC] Routing Path: /health
[24-Jan-2026 11:12:23 UTC] Routing Path: /health
[24-Jan-2026 11:12:23 UTC] Routing Path: /health
[24-Jan-2026 11:12:23 UTC] Routing Path: /health
[24-Jan-2026 11:12:30 UTC] Routing Path: /tenant/members
[24-Jan-2026 11:12:30 UTC] Matched Tenant Route: /tenant/members
[24-Jan-2026 11:12:33 UTC] Routing Path: /tenant/members
[24-Jan-2026 11:12:33 UTC] Matched Tenant Route: /tenant/members
[24-Jan-2026 11:12:38 UTC] Routing Path: /health
[24-Jan-2026 11:12:38 UTC] Routing Path: /gdb
[24-Jan-2026 11:12:38 UTC] Routing Path: /today
[24-Jan-2026 11:12:38 UTC] Routing Path: /memos
[24-Jan-2026 11:12:38 UTC] Routing Path: /health
[24-Jan-2026 11:12:38 UTC] Routing Path: /gdb
[24-Jan-2026 11:12:38 UTC] Routing Path: /today
[24-Jan-2026 11:12:38 UTC] Routing Path: /memos
[24-Jan-2026 11:12:38 UTC] Routing Path: /memos
[24-Jan-2026 11:12:38 UTC] Routing Path: /memos
[24-Jan-2026 11:12:46 UTC] Routing Path: /projects
[24-Jan-2026 11:12:46 UTC] Routing Path: /projects
[24-Jan-2026 11:12:48 UTC] Routing Path: /health
[24-Jan-2026 11:12:48 UTC] Routing Path: /gdb
[24-Jan-2026 11:12:48 UTC] Routing Path: /today
[24-Jan-2026 11:12:49 UTC] Routing Path: /memos
[24-Jan-2026 11:12:49 UTC] Routing Path: /health
[24-Jan-2026 11:12:49 UTC] Routing Path: /gdb
[24-Jan-2026 11:12:49 UTC] Routing Path: /today
[24-Jan-2026 11:12:49 UTC] Routing Path: /memos
[24-Jan-2026 11:12:49 UTC] Routing Path: /memos
[24-Jan-2026 11:12:49 UTC] Routing Path: /memos
[24-Jan-2026 11:12:52 UTC] Routing Path: /health
[24-Jan-2026 11:12:52 UTC] Routing Path: /health
[24-Jan-2026 11:12:52 UTC] Routing Path: /health
[24-Jan-2026 11:12:52 UTC] Routing Path: /health
[24-Jan-2026 11:12:52 UTC] Routing Path: /health
[24-Jan-2026 11:12:53 UTC] Routing Path: /health
[24-Jan-2026 11:12:53 UTC] Routing Path: /health
[24-Jan-2026 11:12:53 UTC] Routing Path: /health
[24-Jan-2026 11:12:53 UTC] Routing Path: /health
[24-Jan-2026 11:12:57 UTC] Routing Path: /auth/me
[24-Jan-2026 11:12:57 UTC] Routing Path: /auth/me
[24-Jan-2026 11:13:05 UTC] Routing Path: /auth/login
[24-Jan-2026 11:13:06 UTC] Routing Path: /auth/me
[24-Jan-2026 11:13:06 UTC] Routing Path: /auth/me
[24-Jan-2026 11:13:07 UTC] Routing Path: /health
[24-Jan-2026 11:13:07 UTC] Routing Path: /gdb
[24-Jan-2026 11:13:07 UTC] Routing Path: /today
[24-Jan-2026 11:13:07 UTC] Routing Path: /memos
[24-Jan-2026 11:13:07 UTC] Routing Path: /health
[24-Jan-2026 11:13:07 UTC] Routing Path: /gdb
[24-Jan-2026 11:13:07 UTC] Routing Path: /today
[24-Jan-2026 11:13:07 UTC] Routing Path: /memos
[24-Jan-2026 11:13:07 UTC] Routing Path: /memos
[24-Jan-2026 11:13:07 UTC] Routing Path: /memos
[24-Jan-2026 11:13:22 UTC] Routing Path: /health
[24-Jan-2026 11:13:22 UTC] Routing Path: /health
[24-Jan-2026 11:13:22 UTC] Routing Path: /health
[24-Jan-2026 11:13:22 UTC] Routing Path: /health
[24-Jan-2026 11:13:22 UTC] Routing Path: /health
[24-Jan-2026 11:13:23 UTC] Routing Path: /health
[24-Jan-2026 11:13:23 UTC] Routing Path: /health
[24-Jan-2026 11:13:23 UTC] Routing Path: /health
[24-Jan-2026 11:13:23 UTC] Routing Path: /health
[24-Jan-2026 11:13:26 UTC] Routing Path: /items
[24-Jan-2026 11:13:36 UTC] Routing Path: /items
[24-Jan-2026 11:13:37 UTC] Routing Path: /health
[24-Jan-2026 11:13:38 UTC] Routing Path: /calendar/load
[24-Jan-2026 11:13:38 UTC] Routing Path: /calendar/load
[24-Jan-2026 11:13:40 UTC] Routing Path: /items/246e8607-8de6-45a8-8a89-764cf2d4f658
[24-Jan-2026 11:13:41 UTC] Routing Path: /items/246e8607-8de6-45a8-8a89-764cf2d4f658
[24-Jan-2026 11:13:43 UTC] Routing Path: /items/246e8607-8de6-45a8-8a89-764cf2d4f658
[24-Jan-2026 11:13:43 UTC] Routing Path: /items/246e8607-8de6-45a8-8a89-764cf2d4f658
[24-Jan-2026 11:13:51 UTC] Routing Path: /items/246e8607-8de6-45a8-8a89-764cf2d4f658
[24-Jan-2026 11:13:52 UTC] Routing Path: /health
[24-Jan-2026 11:13:52 UTC] Routing Path: /health
[24-Jan-2026 11:13:52 UTC] Routing Path: /health
[24-Jan-2026 11:13:52 UTC] Routing Path: /health
[24-Jan-2026 11:13:52 UTC] Routing Path: /health
[24-Jan-2026 11:13:53 UTC] Routing Path: /health
[24-Jan-2026 11:13:53 UTC] Routing Path: /health
[24-Jan-2026 11:13:53 UTC] Routing Path: /health
[24-Jan-2026 11:13:53 UTC] Routing Path: /health
[24-Jan-2026 11:13:56 UTC] Routing Path: /calendar/load
[24-Jan-2026 11:13:56 UTC] Routing Path: /calendar/load
[24-Jan-2026 11:14:01 UTC] Routing Path: /items/98a97a60-a18b-4f19-be45-1b2ca4edaa8f
[24-Jan-2026 11:14:01 UTC] Routing Path: /items
[24-Jan-2026 11:14:06 UTC] Routing Path: /items/98a97a60-a18b-4f19-be45-1b2ca4edaa8f
[24-Jan-2026 11:14:06 UTC] Routing Path: /items
[24-Jan-2026 11:14:07 UTC] Routing Path: /health
[24-Jan-2026 11:14:07 UTC] Routing Path: /items/98a97a60-a18b-4f19-be45-1b2ca4edaa8f
[24-Jan-2026 11:14:09 UTC] Routing Path: /items/98a97a60-a18b-4f19-be45-1b2ca4edaa8f
[24-Jan-2026 11:14:09 UTC] Routing Path: /items/98a97a60-a18b-4f19-be45-1b2ca4edaa8f
[24-Jan-2026 11:14:21 UTC] Routing Path: /items
[24-Jan-2026 11:14:21 UTC] Routing Path: /gdb
[24-Jan-2026 11:14:21 UTC] Routing Path: /today
[24-Jan-2026 11:14:21 UTC] Routing Path: /memos
[24-Jan-2026 11:14:21 UTC] Routing Path: /items
[24-Jan-2026 11:14:21 UTC] Routing Path: /memos
[24-Jan-2026 11:14:22 UTC] Routing Path: /health
[24-Jan-2026 11:14:22 UTC] Routing Path: /health
[24-Jan-2026 11:14:22 UTC] Routing Path: /health
[24-Jan-2026 11:14:22 UTC] Routing Path: /health
[24-Jan-2026 11:14:22 UTC] Routing Path: /health
[24-Jan-2026 11:14:23 UTC] Routing Path: /health
[24-Jan-2026 11:14:23 UTC] Routing Path: /health
[24-Jan-2026 11:14:23 UTC] Routing Path: /health
[24-Jan-2026 11:14:23 UTC] Routing Path: /items
[24-Jan-2026 11:14:23 UTC] Routing Path: /gdb
[24-Jan-2026 11:14:24 UTC] Routing Path: /today
[24-Jan-2026 11:14:24 UTC] Routing Path: /memos
[24-Jan-2026 11:14:24 UTC] Routing Path: /items
[24-Jan-2026 11:14:24 UTC] Routing Path: /health
[24-Jan-2026 11:14:24 UTC] Routing Path: /memos
[24-Jan-2026 11:14:26 UTC] Routing Path: /items/98a97a60-a18b-4f19-be45-1b2ca4edaa8f
[24-Jan-2026 11:14:37 UTC] Routing Path: /health
[24-Jan-2026 11:14:52 UTC] Routing Path: /health
[24-Jan-2026 11:14:52 UTC] Routing Path: /health
[24-Jan-2026 11:14:52 UTC] Routing Path: /health
[24-Jan-2026 11:14:52 UTC] Routing Path: /health
[24-Jan-2026 11:14:52 UTC] Routing Path: /health
[24-Jan-2026 11:14:53 UTC] Routing Path: /health
[24-Jan-2026 11:14:53 UTC] Routing Path: /health
[24-Jan-2026 11:14:53 UTC] Routing Path: /health
[24-Jan-2026 11:14:53 UTC] Routing Path: /health
[24-Jan-2026 11:15:00 UTC] Routing Path: /tenant/members
[24-Jan-2026 11:15:00 UTC] Matched Tenant Route: /tenant/members
[24-Jan-2026 11:15:00 UTC] Routing Path: /tenant/members
[24-Jan-2026 11:15:00 UTC] Matched Tenant Route: /tenant/members
[24-Jan-2026 11:15:13 UTC] Routing Path: /health
[24-Jan-2026 11:15:13 UTC] Routing Path: /gdb
[24-Jan-2026 11:15:13 UTC] Routing Path: /today
[24-Jan-2026 11:15:13 UTC] Routing Path: /memos
[24-Jan-2026 11:15:13 UTC] Routing Path: /health
[24-Jan-2026 11:15:13 UTC] Routing Path: /gdb
[24-Jan-2026 11:15:13 UTC] Routing Path: /today
[24-Jan-2026 11:15:13 UTC] Routing Path: /memos
[24-Jan-2026 11:15:13 UTC] Routing Path: /memos
[24-Jan-2026 11:15:13 UTC] Routing Path: /memos
[24-Jan-2026 11:15:22 UTC] Routing Path: /health
[24-Jan-2026 11:15:22 UTC] Routing Path: /health
[24-Jan-2026 11:15:22 UTC] Routing Path: /health
[24-Jan-2026 11:15:22 UTC] Routing Path: /health
[24-Jan-2026 11:15:22 UTC] Routing Path: /health
[24-Jan-2026 11:15:23 UTC] Routing Path: /health
[24-Jan-2026 11:15:23 UTC] Routing Path: /health
[24-Jan-2026 11:15:23 UTC] Routing Path: /health
[24-Jan-2026 11:15:23 UTC] Routing Path: /health
[24-Jan-2026 11:15:43 UTC] Routing Path: /health
[24-Jan-2026 11:15:52 UTC] Routing Path: /health
[24-Jan-2026 11:15:52 UTC] Routing Path: /health
[24-Jan-2026 11:15:52 UTC] Routing Path: /health
[24-Jan-2026 11:15:52 UTC] Routing Path: /health
[24-Jan-2026 11:15:52 UTC] Routing Path: /health
[24-Jan-2026 11:15:53 UTC] Routing Path: /health
[24-Jan-2026 11:15:53 UTC] Routing Path: /health
[24-Jan-2026 11:15:53 UTC] Routing Path: /health
[24-Jan-2026 11:15:53 UTC] Routing Path: /health
[24-Jan-2026 11:15:59 UTC] Routing Path: /auth/me
[24-Jan-2026 11:15:59 UTC] Routing Path: /auth/me
[24-Jan-2026 11:16:06 UTC] Routing Path: /auth/login
[24-Jan-2026 11:16:10 UTC] Routing Path: /auth/login
[24-Jan-2026 11:16:11 UTC] Routing Path: /auth/me
[24-Jan-2026 11:16:12 UTC] Routing Path: /auth/me
[24-Jan-2026 11:16:12 UTC] Routing Path: /health
[24-Jan-2026 11:16:12 UTC] Routing Path: /gdb
[24-Jan-2026 11:16:12 UTC] Routing Path: /today
[24-Jan-2026 11:16:12 UTC] Routing Path: /memos
[24-Jan-2026 11:16:12 UTC] Routing Path: /health
[24-Jan-2026 11:16:12 UTC] Routing Path: /gdb
[24-Jan-2026 11:16:12 UTC] Routing Path: /today
[24-Jan-2026 11:16:12 UTC] Routing Path: /memos
[24-Jan-2026 11:16:12 UTC] Routing Path: /memos
[24-Jan-2026 11:16:12 UTC] Routing Path: /memos
[24-Jan-2026 11:16:15 UTC] Routing Path: /tenant/members
[24-Jan-2026 11:16:15 UTC] Matched Tenant Route: /tenant/members
[24-Jan-2026 11:16:15 UTC] Routing Path: /tenant/members
[24-Jan-2026 11:16:15 UTC] Matched Tenant Route: /tenant/members
[24-Jan-2026 11:16:18 UTC] Routing Path: /health
[24-Jan-2026 11:16:18 UTC] Routing Path: /gdb
[24-Jan-2026 11:16:18 UTC] Routing Path: /today
[24-Jan-2026 11:16:18 UTC] Routing Path: /memos
[24-Jan-2026 11:16:18 UTC] Routing Path: /health
[24-Jan-2026 11:16:18 UTC] Routing Path: /gdb
[24-Jan-2026 11:16:18 UTC] Routing Path: /today
[24-Jan-2026 11:16:18 UTC] Routing Path: /memos
[24-Jan-2026 11:16:18 UTC] Routing Path: /memos
[24-Jan-2026 11:16:18 UTC] Routing Path: /memos
[24-Jan-2026 11:16:22 UTC] Routing Path: /health
[24-Jan-2026 11:16:22 UTC] Routing Path: /health
[24-Jan-2026 11:16:22 UTC] Routing Path: /health
[24-Jan-2026 11:16:22 UTC] Routing Path: /health
[24-Jan-2026 11:16:22 UTC] Routing Path: /health
[24-Jan-2026 11:16:23 UTC] Routing Path: /health
[24-Jan-2026 11:16:23 UTC] Routing Path: /health
[24-Jan-2026 11:16:23 UTC] Routing Path: /health
[24-Jan-2026 11:16:23 UTC] Routing Path: /health
[24-Jan-2026 11:16:48 UTC] Routing Path: /health
[24-Jan-2026 11:16:52 UTC] Routing Path: /health
[24-Jan-2026 11:16:52 UTC] Routing Path: /health
[24-Jan-2026 11:16:52 UTC] Routing Path: /health
[24-Jan-2026 11:16:52 UTC] Routing Path: /health
[24-Jan-2026 11:16:52 UTC] Routing Path: /health
[24-Jan-2026 11:16:53 UTC] Routing Path: /health
[24-Jan-2026 11:16:53 UTC] Routing Path: /health
[24-Jan-2026 11:16:53 UTC] Routing Path: /health
[24-Jan-2026 11:16:53 UTC] Routing Path: /health
[24-Jan-2026 11:17:18 UTC] Routing Path: /health
[24-Jan-2026 11:17:22 UTC] Routing Path: /health
[24-Jan-2026 11:17:22 UTC] Routing Path: /health
[24-Jan-2026 11:17:22 UTC] Routing Path: /health
[24-Jan-2026 11:17:22 UTC] Routing Path: /health
[24-Jan-2026 11:17:22 UTC] Routing Path: /health
[24-Jan-2026 11:17:23 UTC] Routing Path: /health
[24-Jan-2026 11:17:23 UTC] Routing Path: /health
[24-Jan-2026 11:17:23 UTC] Routing Path: /health
[24-Jan-2026 11:17:23 UTC] Routing Path: /health
[24-Jan-2026 11:17:48 UTC] Routing Path: /health
[24-Jan-2026 11:17:52 UTC] Routing Path: /health
[24-Jan-2026 11:17:52 UTC] Routing Path: /health
[24-Jan-2026 11:17:52 UTC] Routing Path: /health
[24-Jan-2026 11:17:52 UTC] Routing Path: /health
[24-Jan-2026 11:17:52 UTC] Routing Path: /health
[24-Jan-2026 11:17:53 UTC] Routing Path: /health
[24-Jan-2026 11:17:53 UTC] Routing Path: /health
[24-Jan-2026 11:17:53 UTC] Routing Path: /health
[24-Jan-2026 11:17:53 UTC] Routing Path: /health
[24-Jan-2026 11:21:30 UTC] Routing Path: /health
[24-Jan-2026 11:21:33 UTC] Routing Path: /health
[24-Jan-2026 11:21:33 UTC] Routing Path: /health
[24-Jan-2026 11:21:33 UTC] Routing Path: /health
[24-Jan-2026 11:21:33 UTC] Routing Path: /health
[24-Jan-2026 11:21:33 UTC] Routing Path: /health
[24-Jan-2026 11:21:33 UTC] Routing Path: /health
[24-Jan-2026 11:21:33 UTC] Routing Path: /health
[24-Jan-2026 11:21:33 UTC] Routing Path: /health
[24-Jan-2026 11:21:34 UTC] Routing Path: /auth/me
[24-Jan-2026 11:21:34 UTC] Routing Path: /auth/me
[24-Jan-2026 11:21:34 UTC] Routing Path: /auth/me
[24-Jan-2026 11:21:34 UTC] Routing Path: /auth/me
[24-Jan-2026 11:21:34 UTC] Routing Path: /health
[24-Jan-2026 11:21:34 UTC] Routing Path: /gdb
[24-Jan-2026 11:21:34 UTC] Routing Path: /today
[24-Jan-2026 11:21:34 UTC] Routing Path: /memos
[24-Jan-2026 11:21:34 UTC] Routing Path: /health
[24-Jan-2026 11:21:34 UTC] Routing Path: /gdb
[24-Jan-2026 11:21:34 UTC] Routing Path: /today
[24-Jan-2026 11:21:34 UTC] Routing Path: /memos
[24-Jan-2026 11:21:34 UTC] Routing Path: /health
[24-Jan-2026 11:21:34 UTC] Routing Path: /gdb
[24-Jan-2026 11:21:35 UTC] Routing Path: /today
[24-Jan-2026 11:21:35 UTC] Routing Path: /memos
[24-Jan-2026 11:21:35 UTC] Routing Path: /health
[24-Jan-2026 11:21:35 UTC] Routing Path: /gdb
[24-Jan-2026 11:21:35 UTC] Routing Path: /today
[24-Jan-2026 11:21:35 UTC] Routing Path: /memos
[24-Jan-2026 11:21:35 UTC] Routing Path: /memos
[24-Jan-2026 11:21:35 UTC] Routing Path: /memos
[24-Jan-2026 11:21:35 UTC] Routing Path: /memos
[24-Jan-2026 11:21:35 UTC] Routing Path: /memos
[24-Jan-2026 11:21:40 UTC] Routing Path: /auth/me
[24-Jan-2026 11:21:40 UTC] Routing Path: /auth/me
[24-Jan-2026 11:21:40 UTC] Routing Path: /auth/me
[24-Jan-2026 11:21:40 UTC] Routing Path: /auth/me
[24-Jan-2026 11:21:40 UTC] Routing Path: /debug/users
[24-Jan-2026 11:21:40 UTC] Routing Path: /debug/users
[24-Jan-2026 11:21:41 UTC] Routing Path: /health
[24-Jan-2026 11:21:41 UTC] Routing Path: /gdb
[24-Jan-2026 11:21:41 UTC] Routing Path: /health
[24-Jan-2026 11:21:41 UTC] Routing Path: /today
[24-Jan-2026 11:21:41 UTC] Routing Path: /memos
[24-Jan-2026 11:21:41 UTC] Routing Path: /today
[24-Jan-2026 11:21:41 UTC] Routing Path: /gdb
[24-Jan-2026 11:21:41 UTC] Routing Path: /memos
[24-Jan-2026 11:21:41 UTC] Routing Path: /memos
[24-Jan-2026 11:21:41 UTC] Routing Path: /health
[24-Jan-2026 11:21:41 UTC] Routing Path: /memos
[24-Jan-2026 11:21:41 UTC] Routing Path: /auth/me
[24-Jan-2026 11:21:41 UTC] Routing Path: /auth/me
[24-Jan-2026 11:21:41 UTC] Routing Path: /gdb
[24-Jan-2026 11:21:41 UTC] Routing Path: /health
[24-Jan-2026 11:21:41 UTC] Routing Path: /today
[24-Jan-2026 11:21:41 UTC] Routing Path: /gdb
[24-Jan-2026 11:21:41 UTC] Routing Path: /today
[24-Jan-2026 11:21:41 UTC] Routing Path: /memos
[24-Jan-2026 11:21:41 UTC] Routing Path: /memos
[24-Jan-2026 11:21:41 UTC] Routing Path: /memos
[24-Jan-2026 11:21:42 UTC] Routing Path: /memos
[24-Jan-2026 11:21:42 UTC] Routing Path: /auth/me
[24-Jan-2026 11:21:42 UTC] Routing Path: /auth/me
[24-Jan-2026 11:21:42 UTC] Routing Path: /health
[24-Jan-2026 11:21:42 UTC] Routing Path: /gdb
[24-Jan-2026 11:21:42 UTC] Routing Path: /today
[24-Jan-2026 11:21:42 UTC] Routing Path: /memos
[24-Jan-2026 11:21:42 UTC] Routing Path: /health
[24-Jan-2026 11:21:42 UTC] Routing Path: /gdb
[24-Jan-2026 11:21:42 UTC] Routing Path: /today
[24-Jan-2026 11:21:42 UTC] Routing Path: /memos
[24-Jan-2026 11:21:42 UTC] Routing Path: /memos
[24-Jan-2026 11:21:42 UTC] Routing Path: /memos
[24-Jan-2026 11:21:43 UTC] Routing Path: /health
[24-Jan-2026 11:21:43 UTC] Routing Path: /gdb
[24-Jan-2026 11:21:43 UTC] Routing Path: /today
[24-Jan-2026 11:21:43 UTC] Routing Path: /memos
[24-Jan-2026 11:21:43 UTC] Routing Path: /health
[24-Jan-2026 11:21:43 UTC] Routing Path: /gdb
[24-Jan-2026 11:21:43 UTC] Routing Path: /today
[24-Jan-2026 11:21:43 UTC] Routing Path: /memos
[24-Jan-2026 11:21:43 UTC] Routing Path: /memos
[24-Jan-2026 11:21:43 UTC] Routing Path: /memos
[24-Jan-2026 11:22:04 UTC] Routing Path: /health
[24-Jan-2026 11:22:04 UTC] Routing Path: /health
[24-Jan-2026 11:22:12 UTC] Routing Path: /health
[24-Jan-2026 11:22:12 UTC] Routing Path: /health
[24-Jan-2026 11:22:13 UTC] Routing Path: /health
[24-Jan-2026 11:22:13 UTC] Routing Path: /health
[24-Jan-2026 11:22:34 UTC] Routing Path: /health
[24-Jan-2026 11:22:35 UTC] Routing Path: /health
[24-Jan-2026 11:22:42 UTC] Routing Path: /health
[24-Jan-2026 11:22:42 UTC] Routing Path: /health
[24-Jan-2026 11:22:43 UTC] Routing Path: /health
[24-Jan-2026 11:22:43 UTC] Routing Path: /health
[24-Jan-2026 11:23:04 UTC] Routing Path: /health
[24-Jan-2026 11:23:05 UTC] Routing Path: /health
[24-Jan-2026 11:23:12 UTC] Routing Path: /health
[24-Jan-2026 11:23:12 UTC] Routing Path: /health
[24-Jan-2026 11:23:13 UTC] Routing Path: /health
[24-Jan-2026 11:23:13 UTC] Routing Path: /health
[24-Jan-2026 11:23:34 UTC] Routing Path: /health
[24-Jan-2026 11:23:35 UTC] Routing Path: /health
[24-Jan-2026 11:23:42 UTC] Routing Path: /health
[24-Jan-2026 11:23:42 UTC] Routing Path: /health
[24-Jan-2026 11:23:43 UTC] Routing Path: /health
[24-Jan-2026 11:23:43 UTC] Routing Path: /health
[24-Jan-2026 11:24:04 UTC] Routing Path: /health
[24-Jan-2026 11:24:05 UTC] Routing Path: /health
[24-Jan-2026 11:24:12 UTC] Routing Path: /health
[24-Jan-2026 11:24:12 UTC] Routing Path: /health
[24-Jan-2026 11:24:13 UTC] Routing Path: /health
[24-Jan-2026 11:24:13 UTC] Routing Path: /health
[24-Jan-2026 11:24:34 UTC] Routing Path: /health
[24-Jan-2026 11:24:35 UTC] Routing Path: /health
[24-Jan-2026 11:24:42 UTC] Routing Path: /health
[24-Jan-2026 11:24:42 UTC] Routing Path: /health
[24-Jan-2026 11:24:43 UTC] Routing Path: /health
[24-Jan-2026 11:24:43 UTC] Routing Path: /health
[24-Jan-2026 11:25:04 UTC] Routing Path: /health
[24-Jan-2026 11:25:34 UTC] Routing Path: /health
[24-Jan-2026 11:26:04 UTC] Routing Path: /health
[24-Jan-2026 11:26:04 UTC] Routing Path: /health
[24-Jan-2026 11:26:04 UTC] Routing Path: /health
[24-Jan-2026 11:26:04 UTC] Routing Path: /health
[24-Jan-2026 11:26:04 UTC] Routing Path: /health
[24-Jan-2026 11:26:04 UTC] Routing Path: /health
[24-Jan-2026 11:26:34 UTC] Routing Path: /health
[24-Jan-2026 11:27:04 UTC] Routing Path: /health
[24-Jan-2026 11:27:04 UTC] Routing Path: /health
[24-Jan-2026 11:27:04 UTC] Routing Path: /health
[24-Jan-2026 11:27:04 UTC] Routing Path: /health
[24-Jan-2026 11:27:04 UTC] Routing Path: /health
[24-Jan-2026 11:27:04 UTC] Routing Path: /health
[24-Jan-2026 11:27:34 UTC] Routing Path: /health
[24-Jan-2026 11:28:04 UTC] Routing Path: /health
[24-Jan-2026 11:28:04 UTC] Routing Path: /health
[24-Jan-2026 11:28:04 UTC] Routing Path: /health
[24-Jan-2026 11:28:04 UTC] Routing Path: /health
[24-Jan-2026 11:28:04 UTC] Routing Path: /health
[24-Jan-2026 11:28:04 UTC] Routing Path: /health
[24-Jan-2026 11:28:34 UTC] Routing Path: /health
[24-Jan-2026 11:29:04 UTC] Routing Path: /health
[24-Jan-2026 11:29:04 UTC] Routing Path: /health
[24-Jan-2026 11:29:04 UTC] Routing Path: /health
[24-Jan-2026 11:29:04 UTC] Routing Path: /health
[24-Jan-2026 11:29:04 UTC] Routing Path: /health
[24-Jan-2026 11:29:04 UTC] Routing Path: /health
[24-Jan-2026 11:29:34 UTC] Routing Path: /health
[24-Jan-2026 11:30:04 UTC] Routing Path: /health
[24-Jan-2026 11:30:04 UTC] Routing Path: /health
[24-Jan-2026 11:30:04 UTC] Routing Path: /health
[24-Jan-2026 11:30:04 UTC] Routing Path: /health
[24-Jan-2026 11:30:04 UTC] Routing Path: /health
[24-Jan-2026 11:30:04 UTC] Routing Path: /health
[24-Jan-2026 11:30:34 UTC] Routing Path: /health
[24-Jan-2026 11:31:04 UTC] Routing Path: /health
[24-Jan-2026 11:31:04 UTC] Routing Path: /health
[24-Jan-2026 11:31:04 UTC] Routing Path: /health
[24-Jan-2026 11:31:04 UTC] Routing Path: /health
[24-Jan-2026 11:31:04 UTC] Routing Path: /health
[24-Jan-2026 11:31:04 UTC] Routing Path: /health
[24-Jan-2026 11:31:34 UTC] Routing Path: /health
[24-Jan-2026 11:32:04 UTC] Routing Path: /health
[24-Jan-2026 11:32:04 UTC] Routing Path: /health
[24-Jan-2026 11:32:04 UTC] Routing Path: /health
[24-Jan-2026 11:32:04 UTC] Routing Path: /health
[24-Jan-2026 11:32:04 UTC] Routing Path: /health
[24-Jan-2026 11:32:04 UTC] Routing Path: /health
[24-Jan-2026 11:32:34 UTC] Routing Path: /health
[24-Jan-2026 11:33:04 UTC] Routing Path: /health
[24-Jan-2026 11:33:04 UTC] Routing Path: /health
[24-Jan-2026 11:33:04 UTC] Routing Path: /health
[24-Jan-2026 11:33:04 UTC] Routing Path: /health
[24-Jan-2026 11:33:04 UTC] Routing Path: /health
[24-Jan-2026 11:33:04 UTC] Routing Path: /health
[24-Jan-2026 11:33:34 UTC] Routing Path: /health
[24-Jan-2026 11:34:04 UTC] Routing Path: /health
[24-Jan-2026 11:34:04 UTC] Routing Path: /health
[24-Jan-2026 11:34:04 UTC] Routing Path: /health
[24-Jan-2026 11:34:04 UTC] Routing Path: /health
[24-Jan-2026 11:34:04 UTC] Routing Path: /health
[24-Jan-2026 11:34:04 UTC] Routing Path: /health
[24-Jan-2026 11:34:34 UTC] Routing Path: /health
[24-Jan-2026 11:35:04 UTC] Routing Path: /health
[24-Jan-2026 11:35:04 UTC] Routing Path: /health
[24-Jan-2026 11:35:04 UTC] Routing Path: /health
[24-Jan-2026 11:35:04 UTC] Routing Path: /health
[24-Jan-2026 11:35:04 UTC] Routing Path: /health
[24-Jan-2026 11:35:04 UTC] Routing Path: /health
[24-Jan-2026 11:35:34 UTC] Routing Path: /health
[24-Jan-2026 11:36:04 UTC] Routing Path: /health
[24-Jan-2026 11:36:04 UTC] Routing Path: /health
[24-Jan-2026 11:36:04 UTC] Routing Path: /health
[24-Jan-2026 11:36:04 UTC] Routing Path: /health
[24-Jan-2026 11:36:04 UTC] Routing Path: /health
[24-Jan-2026 11:36:04 UTC] Routing Path: /health
[24-Jan-2026 11:36:34 UTC] Routing Path: /health
[24-Jan-2026 11:37:04 UTC] Routing Path: /health
[24-Jan-2026 11:37:04 UTC] Routing Path: /health
[24-Jan-2026 11:37:04 UTC] Routing Path: /health
[24-Jan-2026 11:37:04 UTC] Routing Path: /health
[24-Jan-2026 11:37:04 UTC] Routing Path: /health
[24-Jan-2026 11:37:04 UTC] Routing Path: /health
[24-Jan-2026 11:37:34 UTC] Routing Path: /health
[24-Jan-2026 11:38:04 UTC] Routing Path: /health
[24-Jan-2026 11:38:04 UTC] Routing Path: /health
[24-Jan-2026 11:38:04 UTC] Routing Path: /health
[24-Jan-2026 11:38:04 UTC] Routing Path: /health
[24-Jan-2026 11:38:04 UTC] Routing Path: /health
[24-Jan-2026 11:38:04 UTC] Routing Path: /health
[24-Jan-2026 11:38:34 UTC] Routing Path: /health
[24-Jan-2026 11:39:04 UTC] Routing Path: /health
[24-Jan-2026 11:39:04 UTC] Routing Path: /health
[24-Jan-2026 11:39:04 UTC] Routing Path: /health
[24-Jan-2026 11:39:04 UTC] Routing Path: /health
[24-Jan-2026 11:39:04 UTC] Routing Path: /health
[24-Jan-2026 11:39:04 UTC] Routing Path: /health
[24-Jan-2026 11:39:34 UTC] Routing Path: /health
[24-Jan-2026 11:40:04 UTC] Routing Path: /health
[24-Jan-2026 11:40:04 UTC] Routing Path: /health
[24-Jan-2026 11:40:04 UTC] Routing Path: /health
[24-Jan-2026 11:40:04 UTC] Routing Path: /health
[24-Jan-2026 11:40:04 UTC] Routing Path: /health
[24-Jan-2026 11:40:04 UTC] Routing Path: /health
[24-Jan-2026 11:40:34 UTC] Routing Path: /health
[24-Jan-2026 11:41:04 UTC] Routing Path: /health
[24-Jan-2026 11:41:04 UTC] Routing Path: /health
[24-Jan-2026 11:41:04 UTC] Routing Path: /health
[24-Jan-2026 11:41:04 UTC] Routing Path: /health
[24-Jan-2026 11:41:04 UTC] Routing Path: /health
[24-Jan-2026 11:41:04 UTC] Routing Path: /health
[24-Jan-2026 11:41:34 UTC] Routing Path: /health
[24-Jan-2026 11:42:04 UTC] Routing Path: /health
[24-Jan-2026 11:42:04 UTC] Routing Path: /health
[24-Jan-2026 11:42:04 UTC] Routing Path: /health
[24-Jan-2026 11:42:04 UTC] Routing Path: /health
[24-Jan-2026 11:42:04 UTC] Routing Path: /health
[24-Jan-2026 11:42:04 UTC] Routing Path: /health
[24-Jan-2026 11:42:34 UTC] Routing Path: /health
[24-Jan-2026 11:43:04 UTC] Routing Path: /health
[24-Jan-2026 11:43:04 UTC] Routing Path: /health
[24-Jan-2026 11:43:04 UTC] Routing Path: /health
[24-Jan-2026 11:43:04 UTC] Routing Path: /health
[24-Jan-2026 11:43:04 UTC] Routing Path: /health
[24-Jan-2026 11:43:04 UTC] Routing Path: /health
[24-Jan-2026 11:43:34 UTC] Routing Path: /health
[24-Jan-2026 11:44:04 UTC] Routing Path: /health
[24-Jan-2026 11:44:04 UTC] Routing Path: /health
[24-Jan-2026 11:44:04 UTC] Routing Path: /health
[24-Jan-2026 11:44:04 UTC] Routing Path: /health
[24-Jan-2026 11:44:04 UTC] Routing Path: /health
[24-Jan-2026 11:44:04 UTC] Routing Path: /health
[24-Jan-2026 11:44:34 UTC] Routing Path: /health
[24-Jan-2026 11:45:04 UTC] Routing Path: /health
[24-Jan-2026 11:45:04 UTC] Routing Path: /health
[24-Jan-2026 11:45:04 UTC] Routing Path: /health
[24-Jan-2026 11:45:04 UTC] Routing Path: /health
[24-Jan-2026 11:45:04 UTC] Routing Path: /health
[24-Jan-2026 11:45:04 UTC] Routing Path: /health
[24-Jan-2026 11:45:34 UTC] Routing Path: /health
[24-Jan-2026 11:46:04 UTC] Routing Path: /health
[24-Jan-2026 11:46:04 UTC] Routing Path: /health
[24-Jan-2026 11:46:04 UTC] Routing Path: /health
[24-Jan-2026 11:46:04 UTC] Routing Path: /health
[24-Jan-2026 11:46:04 UTC] Routing Path: /health
[24-Jan-2026 11:46:04 UTC] Routing Path: /health
[24-Jan-2026 11:46:34 UTC] Routing Path: /health
[24-Jan-2026 11:47:04 UTC] Routing Path: /health
[24-Jan-2026 11:47:04 UTC] Routing Path: /health
[24-Jan-2026 11:47:04 UTC] Routing Path: /health
[24-Jan-2026 11:47:04 UTC] Routing Path: /health
[24-Jan-2026 11:47:04 UTC] Routing Path: /health
[24-Jan-2026 11:47:04 UTC] Routing Path: /health
[24-Jan-2026 11:47:34 UTC] Routing Path: /health
[24-Jan-2026 11:48:04 UTC] Routing Path: /health
[24-Jan-2026 11:48:04 UTC] Routing Path: /health
[24-Jan-2026 11:48:04 UTC] Routing Path: /health
[24-Jan-2026 11:48:04 UTC] Routing Path: /health
[24-Jan-2026 11:48:04 UTC] Routing Path: /health
[24-Jan-2026 11:48:04 UTC] Routing Path: /health
[24-Jan-2026 11:48:34 UTC] Routing Path: /health
[24-Jan-2026 11:49:04 UTC] Routing Path: /health
[24-Jan-2026 11:49:04 UTC] Routing Path: /health
[24-Jan-2026 11:49:04 UTC] Routing Path: /health
[24-Jan-2026 11:49:04 UTC] Routing Path: /health
[24-Jan-2026 11:49:04 UTC] Routing Path: /health
[24-Jan-2026 11:49:04 UTC] Routing Path: /health
[24-Jan-2026 11:49:34 UTC] Routing Path: /health
[24-Jan-2026 11:50:04 UTC] Routing Path: /health
[24-Jan-2026 11:50:04 UTC] Routing Path: /health
[24-Jan-2026 11:50:04 UTC] Routing Path: /health
[24-Jan-2026 11:50:04 UTC] Routing Path: /health
[24-Jan-2026 11:50:04 UTC] Routing Path: /health
[24-Jan-2026 11:50:04 UTC] Routing Path: /health
[24-Jan-2026 11:50:34 UTC] Routing Path: /health
[24-Jan-2026 11:51:04 UTC] Routing Path: /health
[24-Jan-2026 11:51:04 UTC] Routing Path: /health
[24-Jan-2026 11:51:04 UTC] Routing Path: /health
[24-Jan-2026 11:51:04 UTC] Routing Path: /health
[24-Jan-2026 11:51:04 UTC] Routing Path: /health
[24-Jan-2026 11:51:04 UTC] Routing Path: /health
[24-Jan-2026 11:51:34 UTC] Routing Path: /health
[24-Jan-2026 11:52:04 UTC] Routing Path: /health
[24-Jan-2026 11:52:04 UTC] Routing Path: /health
[24-Jan-2026 11:52:04 UTC] Routing Path: /health
[24-Jan-2026 11:52:04 UTC] Routing Path: /health
[24-Jan-2026 11:52:04 UTC] Routing Path: /health
[24-Jan-2026 11:52:04 UTC] Routing Path: /health
[24-Jan-2026 11:52:34 UTC] Routing Path: /health
[24-Jan-2026 11:53:04 UTC] Routing Path: /health
[24-Jan-2026 11:53:04 UTC] Routing Path: /health
[24-Jan-2026 11:53:04 UTC] Routing Path: /health
[24-Jan-2026 11:53:04 UTC] Routing Path: /health
[24-Jan-2026 11:53:04 UTC] Routing Path: /health
[24-Jan-2026 11:53:04 UTC] Routing Path: /health
[24-Jan-2026 11:53:34 UTC] Routing Path: /health
[24-Jan-2026 11:54:04 UTC] Routing Path: /health
[24-Jan-2026 11:54:04 UTC] Routing Path: /health
[24-Jan-2026 11:54:04 UTC] Routing Path: /health
[24-Jan-2026 11:54:04 UTC] Routing Path: /health
[24-Jan-2026 11:54:04 UTC] Routing Path: /health
[24-Jan-2026 11:54:04 UTC] Routing Path: /health
[24-Jan-2026 11:54:34 UTC] Routing Path: /health
[24-Jan-2026 11:55:04 UTC] Routing Path: /health
[24-Jan-2026 11:55:04 UTC] Routing Path: /health
[24-Jan-2026 11:55:04 UTC] Routing Path: /health
[24-Jan-2026 11:55:04 UTC] Routing Path: /health
[24-Jan-2026 11:55:04 UTC] Routing Path: /health
[24-Jan-2026 11:55:04 UTC] Routing Path: /health
[24-Jan-2026 11:55:34 UTC] Routing Path: /health
[24-Jan-2026 11:56:04 UTC] Routing Path: /health
[24-Jan-2026 11:56:04 UTC] Routing Path: /health
[24-Jan-2026 11:56:04 UTC] Routing Path: /health
[24-Jan-2026 11:56:04 UTC] Routing Path: /health
[24-Jan-2026 11:56:04 UTC] Routing Path: /health
[24-Jan-2026 11:56:04 UTC] Routing Path: /health
[24-Jan-2026 11:56:34 UTC] Routing Path: /health
[24-Jan-2026 11:57:04 UTC] Routing Path: /health
[24-Jan-2026 11:57:04 UTC] Routing Path: /health
[24-Jan-2026 11:57:04 UTC] Routing Path: /health
[24-Jan-2026 11:57:04 UTC] Routing Path: /health
[24-Jan-2026 11:57:04 UTC] Routing Path: /health
[24-Jan-2026 11:57:04 UTC] Routing Path: /health
[24-Jan-2026 11:57:34 UTC] Routing Path: /health
[24-Jan-2026 11:58:04 UTC] Routing Path: /health
[24-Jan-2026 11:58:04 UTC] Routing Path: /health
[24-Jan-2026 11:58:04 UTC] Routing Path: /health
[24-Jan-2026 11:58:04 UTC] Routing Path: /health
[24-Jan-2026 11:58:04 UTC] Routing Path: /health
[24-Jan-2026 11:58:04 UTC] Routing Path: /health
[24-Jan-2026 11:58:34 UTC] Routing Path: /health
[24-Jan-2026 11:59:04 UTC] Routing Path: /health
[24-Jan-2026 11:59:04 UTC] Routing Path: /health
[24-Jan-2026 11:59:04 UTC] Routing Path: /health
[24-Jan-2026 11:59:04 UTC] Routing Path: /health
[24-Jan-2026 11:59:04 UTC] Routing Path: /health
[24-Jan-2026 11:59:04 UTC] Routing Path: /health
[24-Jan-2026 11:59:34 UTC] Routing Path: /health
[24-Jan-2026 12:00:04 UTC] Routing Path: /health
[24-Jan-2026 12:00:04 UTC] Routing Path: /health
[24-Jan-2026 12:00:04 UTC] Routing Path: /health
[24-Jan-2026 12:00:04 UTC] Routing Path: /health
[24-Jan-2026 12:00:04 UTC] Routing Path: /health
[24-Jan-2026 12:00:04 UTC] Routing Path: /health
[24-Jan-2026 12:00:34 UTC] Routing Path: /health
[24-Jan-2026 12:01:04 UTC] Routing Path: /health
[24-Jan-2026 12:01:04 UTC] Routing Path: /health
[24-Jan-2026 12:01:04 UTC] Routing Path: /health
[24-Jan-2026 12:01:04 UTC] Routing Path: /health
[24-Jan-2026 12:01:04 UTC] Routing Path: /health
[24-Jan-2026 12:01:04 UTC] Routing Path: /health
[24-Jan-2026 12:01:34 UTC] Routing Path: /health
[24-Jan-2026 12:02:04 UTC] Routing Path: /health
[24-Jan-2026 12:02:04 UTC] Routing Path: /health
[24-Jan-2026 12:02:04 UTC] Routing Path: /health
[24-Jan-2026 12:02:04 UTC] Routing Path: /health
[24-Jan-2026 12:02:04 UTC] Routing Path: /health
[24-Jan-2026 12:02:04 UTC] Routing Path: /health
[24-Jan-2026 12:02:34 UTC] Routing Path: /health
[24-Jan-2026 12:03:04 UTC] Routing Path: /health
[24-Jan-2026 12:03:04 UTC] Routing Path: /health
[24-Jan-2026 12:03:04 UTC] Routing Path: /health
[24-Jan-2026 12:03:04 UTC] Routing Path: /health
[24-Jan-2026 12:03:04 UTC] Routing Path: /health
[24-Jan-2026 12:03:04 UTC] Routing Path: /health
[24-Jan-2026 12:03:34 UTC] Routing Path: /health
[24-Jan-2026 12:04:04 UTC] Routing Path: /health
[24-Jan-2026 12:04:04 UTC] Routing Path: /health
[24-Jan-2026 12:04:04 UTC] Routing Path: /health
[24-Jan-2026 12:04:04 UTC] Routing Path: /health
[24-Jan-2026 12:04:04 UTC] Routing Path: /health
[24-Jan-2026 12:04:04 UTC] Routing Path: /health
[24-Jan-2026 12:04:34 UTC] Routing Path: /health
[24-Jan-2026 12:05:04 UTC] Routing Path: /health
[24-Jan-2026 12:05:04 UTC] Routing Path: /health
[24-Jan-2026 12:05:04 UTC] Routing Path: /health
[24-Jan-2026 12:05:04 UTC] Routing Path: /health
[24-Jan-2026 12:05:04 UTC] Routing Path: /health
[24-Jan-2026 12:05:04 UTC] Routing Path: /health
[24-Jan-2026 12:05:34 UTC] Routing Path: /health
[24-Jan-2026 12:06:04 UTC] Routing Path: /health
[24-Jan-2026 12:06:04 UTC] Routing Path: /health
[24-Jan-2026 12:06:04 UTC] Routing Path: /health
[24-Jan-2026 12:06:04 UTC] Routing Path: /health
[24-Jan-2026 12:06:04 UTC] Routing Path: /health
[24-Jan-2026 12:06:04 UTC] Routing Path: /health
[24-Jan-2026 12:06:34 UTC] Routing Path: /health
[24-Jan-2026 12:07:04 UTC] Routing Path: /health
[24-Jan-2026 12:07:04 UTC] Routing Path: /health
[24-Jan-2026 12:07:04 UTC] Routing Path: /health
[24-Jan-2026 12:07:04 UTC] Routing Path: /health
[24-Jan-2026 12:07:04 UTC] Routing Path: /health
[24-Jan-2026 12:07:04 UTC] Routing Path: /health
[24-Jan-2026 12:07:34 UTC] Routing Path: /health
[24-Jan-2026 12:08:04 UTC] Routing Path: /health
[24-Jan-2026 12:08:04 UTC] Routing Path: /health
[24-Jan-2026 12:08:04 UTC] Routing Path: /health
[24-Jan-2026 12:08:04 UTC] Routing Path: /health
[24-Jan-2026 12:08:04 UTC] Routing Path: /health
[24-Jan-2026 12:08:04 UTC] Routing Path: /health
[24-Jan-2026 12:08:34 UTC] Routing Path: /health
[24-Jan-2026 12:09:04 UTC] Routing Path: /health
[24-Jan-2026 12:09:04 UTC] Routing Path: /health
[24-Jan-2026 12:09:04 UTC] Routing Path: /health
[24-Jan-2026 12:09:04 UTC] Routing Path: /health
[24-Jan-2026 12:09:04 UTC] Routing Path: /health
[24-Jan-2026 12:09:04 UTC] Routing Path: /health
[24-Jan-2026 12:09:34 UTC] Routing Path: /health
[24-Jan-2026 12:10:04 UTC] Routing Path: /health
[24-Jan-2026 12:10:04 UTC] Routing Path: /health
[24-Jan-2026 12:10:04 UTC] Routing Path: /health
[24-Jan-2026 12:10:04 UTC] Routing Path: /health
[24-Jan-2026 12:10:04 UTC] Routing Path: /health
[24-Jan-2026 12:10:04 UTC] Routing Path: /health
[24-Jan-2026 12:10:34 UTC] Routing Path: /health
[24-Jan-2026 12:11:04 UTC] Routing Path: /health
[24-Jan-2026 12:11:04 UTC] Routing Path: /health
[24-Jan-2026 12:11:04 UTC] Routing Path: /health
[24-Jan-2026 12:11:04 UTC] Routing Path: /health
[24-Jan-2026 12:11:04 UTC] Routing Path: /health
[24-Jan-2026 12:11:04 UTC] Routing Path: /health
[24-Jan-2026 12:11:34 UTC] Routing Path: /health
[24-Jan-2026 12:12:04 UTC] Routing Path: /health
[24-Jan-2026 12:12:04 UTC] Routing Path: /health
[24-Jan-2026 12:12:04 UTC] Routing Path: /health
[24-Jan-2026 12:12:04 UTC] Routing Path: /health
[24-Jan-2026 12:12:04 UTC] Routing Path: /health
[24-Jan-2026 12:12:04 UTC] Routing Path: /health
[24-Jan-2026 12:12:34 UTC] Routing Path: /health
[24-Jan-2026 12:13:04 UTC] Routing Path: /health
[24-Jan-2026 12:13:04 UTC] Routing Path: /health
[24-Jan-2026 12:13:04 UTC] Routing Path: /health
[24-Jan-2026 12:13:04 UTC] Routing Path: /health
[24-Jan-2026 12:13:04 UTC] Routing Path: /health
[24-Jan-2026 12:13:04 UTC] Routing Path: /health
[24-Jan-2026 12:13:34 UTC] Routing Path: /health
[24-Jan-2026 12:14:34 UTC] Routing Path: /health
[24-Jan-2026 12:14:56 UTC] Routing Path: /tenant/members
[24-Jan-2026 12:14:56 UTC] Matched Tenant Route: /tenant/members
[24-Jan-2026 12:14:56 UTC] Routing Path: /tenant/members/u_cap_6974b7c086e82
[24-Jan-2026 12:14:56 UTC] Matched Tenant Route: /tenant/members/u_cap_6974b7c086e82
[24-Jan-2026 12:14:56 UTC] Routing Path: /tenant/members
[24-Jan-2026 12:14:56 UTC] Matched Tenant Route: /tenant/members
[24-Jan-2026 12:15:04 UTC] Routing Path: /health
[24-Jan-2026 12:15:04 UTC] Routing Path: /health
[24-Jan-2026 12:15:04 UTC] Routing Path: /health
[24-Jan-2026 12:15:04 UTC] Routing Path: /health
[24-Jan-2026 12:15:04 UTC] Routing Path: /health
[24-Jan-2026 12:15:04 UTC] Routing Path: /health
[24-Jan-2026 12:15:34 UTC] Routing Path: /health
[24-Jan-2026 12:16:04 UTC] Routing Path: /health
[24-Jan-2026 12:16:04 UTC] Routing Path: /health
[24-Jan-2026 12:16:04 UTC] Routing Path: /health
[24-Jan-2026 12:16:04 UTC] Routing Path: /health
[24-Jan-2026 12:16:04 UTC] Routing Path: /health
[24-Jan-2026 12:16:04 UTC] Routing Path: /health
[24-Jan-2026 12:16:34 UTC] Routing Path: /health
[24-Jan-2026 12:17:04 UTC] Routing Path: /health
[24-Jan-2026 12:17:04 UTC] Routing Path: /health
[24-Jan-2026 12:17:04 UTC] Routing Path: /health
[24-Jan-2026 12:17:04 UTC] Routing Path: /health
[24-Jan-2026 12:17:04 UTC] Routing Path: /health
[24-Jan-2026 12:17:04 UTC] Routing Path: /health
[24-Jan-2026 12:17:34 UTC] Routing Path: /health
[24-Jan-2026 12:18:04 UTC] Routing Path: /health
[24-Jan-2026 12:18:04 UTC] Routing Path: /health
[24-Jan-2026 12:18:04 UTC] Routing Path: /health
[24-Jan-2026 12:18:04 UTC] Routing Path: /health
[24-Jan-2026 12:18:04 UTC] Routing Path: /health
[24-Jan-2026 12:18:04 UTC] Routing Path: /health
[24-Jan-2026 12:18:34 UTC] Routing Path: /health
[24-Jan-2026 12:19:04 UTC] Routing Path: /health
[24-Jan-2026 12:19:04 UTC] Routing Path: /health
[24-Jan-2026 12:19:04 UTC] Routing Path: /health
[24-Jan-2026 12:19:04 UTC] Routing Path: /health
[24-Jan-2026 12:19:04 UTC] Routing Path: /health
[24-Jan-2026 12:19:04 UTC] Routing Path: /health
[24-Jan-2026 12:19:34 UTC] Routing Path: /health
[24-Jan-2026 12:20:04 UTC] Routing Path: /health
[24-Jan-2026 12:20:04 UTC] Routing Path: /health
[24-Jan-2026 12:20:04 UTC] Routing Path: /health
[24-Jan-2026 12:20:04 UTC] Routing Path: /health
[24-Jan-2026 12:20:04 UTC] Routing Path: /health
[24-Jan-2026 12:20:04 UTC] Routing Path: /health
